INFO: [VRFC 10-2263] Analyzing Verilog file "C:/Users/ompra/Research/aes/aes.srcs/sources_1/new/aes_core.v" into library xil_defaultlib
INFO: [VRFC 10-311] analyzing module aes_core
INFO: [VRFC 10-2263] Analyzing Verilog file "C:/Users/ompra/Research/aes/aes.srcs/sources_1/new/aes_decipher_block.v" into library xil_defaultlib
INFO: [VRFC 10-311] analyzing module aes_decipher_block
INFO: [VRFC 10-2263] Analyzing Verilog file "C:/Users/ompra/Research/aes/aes.srcs/sources_1/new/aes_encipher_block.v" into library xil_defaultlib
INFO: [VRFC 10-311] analyzing module aes_encipher_block
INFO: [VRFC 10-2263] Analyzing Verilog file "C:/Users/ompra/Research/APB_AHB_BUS/APB_AHB_BUS.srcs/sources_1/new/aes_engine.v" into library xil_defaultlib
INFO: [VRFC 10-311] analyzing module aes_engine
INFO: [VRFC 10-2263] Analyzing Verilog file "C:/Users/ompra/Research/aes/aes.srcs/sources_1/new/aes_inv_sbox.v" into library xil_defaultlib
INFO: [VRFC 10-311] analyzing module aes_inv_sbox
INFO: [VRFC 10-2263] Analyzing Verilog file "C:/Users/ompra/Research/aes/aes.srcs/sources_1/new/aes_key_mem.v" into library xil_defaultlib
INFO: [VRFC 10-311] analyzing module aes_key_mem
INFO: [VRFC 10-2263] Analyzing Verilog file "C:/Users/ompra/Research/aes/aes.srcs/sources_1/new/aes_sbox.v" into library xil_defaultlib
INFO: [VRFC 10-311] analyzing module aes_sbox
INFO: [VRFC 10-2263] Analyzing Verilog file "C:/Users/ompra/Research/APB_AHB_BUS/APB_AHB_BUS.srcs/sim_1/new/amba_interface.v" into library xil_defaultlib
INFO: [VRFC 10-311] analyzing module amba_interface
INFO: [VRFC 10-2263] Analyzing Verilog file "C:/Users/ompra/Research/APB_AHB_BUS/APB_AHB_BUS.srcs/sources_1/new/bus_width_controller.v" into library xil_defaultlib
INFO: [VRFC 10-311] analyzing module bus_width_controller
INFO: [VRFC 10-2263] Analyzing Verilog file "C:/Users/ompra/Research/APB_AHB_BUS/APB_AHB_BUS.srcs/sources_1/new/power_manager.v" into library xil_defaultlib
INFO: [VRFC 10-311] analyzing module power_manager
INFO: [VRFC 10-2263] Analyzing Verilog file "C:/Users/ompra/Research/APB_AHB_BUS/APB_AHB_BUS.srcs/sources_1/new/secure_adaptive_bus.v" into library xil_defaultlib
INFO: [VRFC 10-311] analyzing module secure_adaptive_bus
INFO: [VRFC 10-2263] Analyzing Verilog file "C:/Users/ompra/Research/APB_AHB_BUS/APB_AHB_BUS.srcs/sim_1/new/tb_secure_adaptive_bus.v" into library xil_defaultlib
INFO: [VRFC 10-311] analyzing module tb_secure_adaptive_bus
