Vivado Simulator v2024.1
Copyright 1986-2022 Xilinx, Inc. All Rights Reserved.
Copyright 2022-2024 Advanced Micro Devices, Inc. All Rights Reserved.
Running: C:/Xilinx/Vivado/2024.1/bin/unwrapped/win64.o/xelab.exe --incr --debug typical --relax --mt 2 -L xil_defaultlib -L unisims_ver -L unimacro_ver -L secureip --snapshot tb_secure_adaptive_bus_behav xil_defaultlib.tb_secure_adaptive_bus xil_defaultlib.glbl -log elaborate.log 
Using 2 slave threads.
Starting static elaboration
Pass Through NonSizing Optimizer
Completed static elaboration
Starting simulation data flow analysis
Completed simulation data flow analysis
Time Resolution for simulation is 1ps
Compiling module xil_defaultlib.power_manager
Compiling module xil_defaultlib.bus_width_controller
Compiling module xil_defaultlib.aes_encipher_block
Compiling module xil_defaultlib.aes_inv_sbox
Compiling module xil_defaultlib.aes_decipher_block
Compiling module xil_defaultlib.aes_key_mem
Compiling module xil_defaultlib.aes_sbox
Compiling module xil_defaultlib.aes_core
Compiling module xil_defaultlib.aes_engine
Compiling module xil_defaultlib.amba_interface
Compiling module xil_defaultlib.secure_adaptive_bus
Compiling module xil_defaultlib.tb_secure_adaptive_bus
Compiling module xil_defaultlib.glbl
Built simulation snapshot tb_secure_adaptive_bus_behav
